Using pre-set license

 COMMAND LINE ARGUMENTS:
/Applications/Unity/Hub/Editor/2020.3.13f1/Unity.app/Contents/MacOS/Unity
-adb2
-batchMode
-noUpm
-name
AssetImportWorker0
-projectPath
/Users/cenzuram/Unity Progect/RPG
-logFile
Logs/AssetImportWorker0.log
-srvPort
54429
Successfully changed project path to: /Users/cenzuram/Unity Progect/RPG
/Users/cenzuram/Unity Progect/RPG
Using Asset Import Pipeline V2.
Refreshing native plugins compatible for Editor in 27.27 ms, found 2 plugins.
Preloading 0 native plugins for Editor in 0.00 ms.
Initialize engine version: 2020.3.13f1 (71691879b7f5)
[Subsystems] Discovering subsystems at path /Applications/Unity/Hub/Editor/2020.3.13f1/Unity.app/Contents/Resources/UnitySubsystems
[Subsystems] Discovering subsystems at path /Users/cenzuram/Unity Progect/RPG/Assets
GfxDevice: creating device client; threaded=0
2021-08-02 19:06:20.619 Unity[9616:270999] (null) preferred device: Apple M1 (high power)
2021-08-02 19:06:20.619 Unity[9616:270999] Metal devices available: 1
2021-08-02 19:06:20.619 Unity[9616:270999] 0: Apple M1 (high power)
2021-08-02 19:06:20.619 Unity[9616:270999] Using device Apple M1 (high power)
Initializing Metal device caps: Apple M1
Initialize mono
Mono path[0] = '/Applications/Unity/Hub/Editor/2020.3.13f1/Unity.app/Contents/Managed'
Mono path[1] = '/Applications/Unity/Hub/Editor/2020.3.13f1/Unity.app/Contents/MonoBleedingEdge/lib/mono/unityjit'
Mono config path = '/Applications/Unity/Hub/Editor/2020.3.13f1/Unity.app/Contents/MonoBleedingEdge/etc'
Using monoOptions --debugger-agent=transport=dt_socket,embedding=1,server=y,suspend=n,address=127.0.0.1:56616
Begin MonoManager ReloadAssembly
Registering precompiled unity dll's ...
Register platform support module: /Applications/Unity/Hub/Editor/2020.3.13f1/PlaybackEngines/WebGLSupport/UnityEditor.WebGL.Extensions.dll
Register platform support module: /Applications/Unity/Hub/Editor/2020.3.13f1/Unity.app/Contents/PlaybackEngines/MacStandaloneSupport/UnityEditor.OSXStandalone.Extensions.dll
Registered in 0.001869 seconds.
Native extension for OSXStandalone target not found
Native extension for WebGL target not found
Refreshing native plugins compatible for Editor in 25.79 ms, found 2 plugins.
Preloading 0 native plugins for Editor in 0.00 ms.
Mono: successfully reloaded assembly
- Completed reload, in  2.608 seconds
Platform modules already initialized, skipping
Registering precompiled user dll's ...
Registered in 0.004578 seconds.
Begin MonoManager ReloadAssembly
Native extension for OSXStandalone target not found
Native extension for WebGL target not found
Refreshing native plugins compatible for Editor in 0.27 ms, found 2 plugins.
Preloading 0 native plugins for Editor in 0.00 ms.
Mono: successfully reloaded assembly
- Completed reload, in  2.180 seconds
Platform modules already initialized, skipping
========================================================================
Worker process is ready to serve import requests
Launching external process: /Applications/Unity/Hub/Editor/2020.3.13f1/Unity.app/Contents/Tools/UnityShaderCompiler
Launched and connected shader compiler UnityShaderCompiler after 0.03 seconds
Refreshing native plugins compatible for Editor in 0.24 ms, found 2 plugins.
Preloading 0 native plugins for Editor in 0.00 ms.
Unloading 1400 Unused Serialized files (Serialized files now loaded: 0)
System memory in use before: 240.9 MB.
System memory in use after: 241.0 MB.

Unloading 18 unused Assets to reduce memory usage. Loaded Objects now: 1865.
Total: 2.100625 ms (FindLiveObjects: 0.115458 ms CreateObjectMapping: 0.027292 ms MarkObjects: 1.676500 ms  DeleteObjects: 0.280500 ms)

AssetImportParameters requested are different than current active one (requested -> active):
  custom:video-decoder-ogg-theora: a1e56fd34408186e4bbccfd4996cb3dc -> 
  custom:container-muxer-webm: aa71ff27fc2769a1b78a27578f13a17b -> 
  custom:container-demuxer-webm: 4f35f7cbe854078d1ac9338744f61a02 -> 
  custom:container-demuxer-ogg: 62fdf1f143b41e24485cea50d1cbac27 -> 
  custom:video-encoder-webm-vp8: eb34c28f22e8b96e1ab97ce403110664 -> 
  custom:framework-osx-AVFoundation: e770b220cccbd017edd2c1fefb359320 -> 
  custom:video-decoder-webm-vp8: 9c59270c3fd7afecdb556c50c9e8de78 -> 
  custom:audio-decoder-ogg-vorbis: bf7c407c2cedff20999df2af8eb42d56 -> 
  custom:audio-encoder-webm-vorbis: bf7c407c2cedff20999df2af8eb42d56 -> 
========================================================================
Received Import Request.
  path: Assets/Tree.prefab
  artifactKey: Guid(9a4977e3ffbd74cfc9c80e6138af7a49) Importer(815301076,1909f56bfc062723c751e8b465ee728b)
Start importing Assets/Tree.prefab using Guid(9a4977e3ffbd74cfc9c80e6138af7a49) Importer(815301076,1909f56bfc062723c751e8b465ee728b)  -> (artifact id: '755296a68258fae7a3f971b4a90df72e') in 1.118228 seconds 
  Import took 1.121107 seconds .

========================================================================
Received Import Request.
  Time since last request: 35.654050 seconds.
  path: Assets/_Spritse
  artifactKey: Guid(bdcd0b68f36170b438776a9b4948337d) Importer(815301076,1909f56bfc062723c751e8b465ee728b)
Start importing Assets/_Spritse using Guid(bdcd0b68f36170b438776a9b4948337d) Importer(815301076,1909f56bfc062723c751e8b465ee728b)  -> (artifact id: 'e211baadbf131db8537905fc1ecea8c4') in 0.002090 seconds 
  Import took 0.010357 seconds .

========================================================================
Received Import Request.
  Time since last request: 0.691951 seconds.
  path: Assets/_Scenes
  artifactKey: Guid(c227d8fcb06cc144c91ffdcb1d1bb1a0) Importer(815301076,1909f56bfc062723c751e8b465ee728b)
Start importing Assets/_Scenes using Guid(c227d8fcb06cc144c91ffdcb1d1bb1a0) Importer(815301076,1909f56bfc062723c751e8b465ee728b)  -> (artifact id: 'b3aff3ce1112c3c465762b771fa7104d') in 0.001714 seconds 
  Import took 0.005794 seconds .

========================================================================
Received Import Request.
  Time since last request: 0.001013 seconds.
  path: Assets/_Scenes
  artifactKey: Guid(c227d8fcb06cc144c91ffdcb1d1bb1a0) Importer(815301076,1909f56bfc062723c751e8b465ee728b)
Start importing Assets/_Scenes using Guid(c227d8fcb06cc144c91ffdcb1d1bb1a0) Importer(815301076,1909f56bfc062723c751e8b465ee728b)  -> (artifact id: 'b3aff3ce1112c3c465762b771fa7104d') in 0.000885 seconds 
  Import took 0.004128 seconds .

========================================================================
Received Import Request.
  Time since last request: 2.714609 seconds.
  path: Assets/_Prefabs/_Tree/Tree.prefab
  artifactKey: Guid(ad986025cb24f4118a0fb8e2e086bec3) Importer(815301076,1909f56bfc062723c751e8b465ee728b)
Start importing Assets/_Prefabs/_Tree/Tree.prefab using Guid(ad986025cb24f4118a0fb8e2e086bec3) Importer(815301076,1909f56bfc062723c751e8b465ee728b)  -> (artifact id: 'b3f229f08c0e9605ccfd95398c604063') in 0.043161 seconds 
  Import took 0.046337 seconds .

========================================================================
Received Import Request.
  Time since last request: 21.973884 seconds.
  path: Assets/_Prefabs/_Tree/Tree.prefab
  artifactKey: Guid(ad986025cb24f4118a0fb8e2e086bec3) Importer(815301076,1909f56bfc062723c751e8b465ee728b)
Start importing Assets/_Prefabs/_Tree/Tree.prefab using Guid(ad986025cb24f4118a0fb8e2e086bec3) Importer(815301076,1909f56bfc062723c751e8b465ee728b)  -> (artifact id: '15d579225222fec3e99eb8d9a5843020') in 0.026664 seconds 
  Import took 0.030580 seconds .

========================================================================
Received Import Request.
  Time since last request: 42.869250 seconds.
  path: Assets/_Prefabs/_Tree/Tree.prefab
  artifactKey: Guid(ad986025cb24f4118a0fb8e2e086bec3) Importer(815301076,1909f56bfc062723c751e8b465ee728b)
Start importing Assets/_Prefabs/_Tree/Tree.prefab using Guid(ad986025cb24f4118a0fb8e2e086bec3) Importer(815301076,1909f56bfc062723c751e8b465ee728b)  -> (artifact id: '79a68c0b55d786fe49a37ba0b349239e') in 0.031137 seconds 
  Import took 0.034256 seconds .

========================================================================
Received Import Request.
  Time since last request: 23.203600 seconds.
  path: Assets/_Prefabs/_Tree/Tree.prefab
  artifactKey: Guid(ad986025cb24f4118a0fb8e2e086bec3) Importer(815301076,1909f56bfc062723c751e8b465ee728b)
Start importing Assets/_Prefabs/_Tree/Tree.prefab using Guid(ad986025cb24f4118a0fb8e2e086bec3) Importer(815301076,1909f56bfc062723c751e8b465ee728b)  -> (artifact id: '79b20553028a2e74c29b1845e3a3508b') in 0.028376 seconds 
  Import took 0.031744 seconds .

========================================================================
Received Import Request.
  Time since last request: 0.003294 seconds.
  path: Assets/_Prefabs/_Tree/Tree.prefab
  artifactKey: Guid(ad986025cb24f4118a0fb8e2e086bec3) Importer(815301076,1909f56bfc062723c751e8b465ee728b)
Start importing Assets/_Prefabs/_Tree/Tree.prefab using Guid(ad986025cb24f4118a0fb8e2e086bec3) Importer(815301076,1909f56bfc062723c751e8b465ee728b)  -> (artifact id: '79b20553028a2e74c29b1845e3a3508b') in 0.023482 seconds 
  Import took 0.026130 seconds .

========================================================================
Received Import Request.
  Time since last request: 80.490535 seconds.
  path: Assets/_Prefabs/_Tree/Tree 1.prefab
  artifactKey: Guid(31930d90881614129b4d4d6341b92c20) Importer(815301076,1909f56bfc062723c751e8b465ee728b)
Start importing Assets/_Prefabs/_Tree/Tree 1.prefab using Guid(31930d90881614129b4d4d6341b92c20) Importer(815301076,1909f56bfc062723c751e8b465ee728b)  -> (artifact id: 'f6db38a57671d177a0cb4069ba9881a7') in 0.043131 seconds 
  Import took 0.083755 seconds .

========================================================================
Received Import Request.
  Time since last request: 33.675752 seconds.
  path: Assets/_Prefabs/_Tree/Tree.prefab
  artifactKey: Guid(ad986025cb24f4118a0fb8e2e086bec3) Importer(815301076,1909f56bfc062723c751e8b465ee728b)
Start importing Assets/_Prefabs/_Tree/Tree.prefab using Guid(ad986025cb24f4118a0fb8e2e086bec3) Importer(815301076,1909f56bfc062723c751e8b465ee728b)  -> (artifact id: 'a2d8210114c39a0809b5c274515bad95') in 0.023165 seconds 
  Import took 0.026098 seconds .

========================================================================
Received Import Request.
  Time since last request: 1491.433834 seconds.
  path: Assets/_Scripts/CharacterEnemy.cs
  artifactKey: Guid(3014fbec4efff46bb88addfff0f96890) Importer(815301076,1909f56bfc062723c751e8b465ee728b)
Start importing Assets/_Scripts/CharacterEnemy.cs using Guid(3014fbec4efff46bb88addfff0f96890) Importer(815301076,1909f56bfc062723c751e8b465ee728b)  -> (artifact id: 'b145d1b1c063f4ea654a6ff4f7170e60') in 0.293982 seconds 
  Import took 0.322090 seconds .

========================================================================
Received Prepare
Registering precompiled user dll's ...
Registered in 0.002097 seconds.
Begin MonoManager ReloadAssembly
Native extension for OSXStandalone target not found
Native extension for WebGL target not found
Refreshing native plugins compatible for Editor in 0.28 ms, found 2 plugins.
Preloading 0 native plugins for Editor in 0.00 ms.
Mono: successfully reloaded assembly
- Completed reload, in  2.327 seconds
Platform modules already initialized, skipping
Refreshing native plugins compatible for Editor in 0.26 ms, found 2 plugins.
Preloading 0 native plugins for Editor in 0.00 ms.
Unloading 1395 Unused Serialized files (Serialized files now loaded: 0)
System memory in use before: 254.1 MB.
System memory in use after: 254.2 MB.

Unloading 13 unused Assets to reduce memory usage. Loaded Objects now: 1913.
Total: 2.780625 ms (FindLiveObjects: 0.351500 ms CreateObjectMapping: 0.027375 ms MarkObjects: 2.379292 ms  DeleteObjects: 0.021709 ms)

AssetImportParameters requested are different than current active one (requested -> active):
  custom:video-decoder-ogg-theora: a1e56fd34408186e4bbccfd4996cb3dc -> 
  custom:container-muxer-webm: aa71ff27fc2769a1b78a27578f13a17b -> 
  custom:container-demuxer-webm: 4f35f7cbe854078d1ac9338744f61a02 -> 
  custom:container-demuxer-ogg: 62fdf1f143b41e24485cea50d1cbac27 -> 
  custom:video-encoder-webm-vp8: eb34c28f22e8b96e1ab97ce403110664 -> 
  custom:framework-osx-AVFoundation: e770b220cccbd017edd2c1fefb359320 -> 
  custom:video-decoder-webm-vp8: 9c59270c3fd7afecdb556c50c9e8de78 -> 
  custom:audio-decoder-ogg-vorbis: bf7c407c2cedff20999df2af8eb42d56 -> 
  custom:audio-encoder-webm-vorbis: bf7c407c2cedff20999df2af8eb42d56 -> 
========================================================================
Received Prepare
Registering precompiled user dll's ...
Registered in 0.001857 seconds.
Begin MonoManager ReloadAssembly
Native extension for OSXStandalone target not found
Native extension for WebGL target not found
Refreshing native plugins compatible for Editor in 0.28 ms, found 2 plugins.
Preloading 0 native plugins for Editor in 0.00 ms.
Mono: successfully reloaded assembly
- Completed reload, in  2.294 seconds
Platform modules already initialized, skipping
Refreshing native plugins compatible for Editor in 0.26 ms, found 2 plugins.
Preloading 0 native plugins for Editor in 0.00 ms.
Unloading 1395 Unused Serialized files (Serialized files now loaded: 0)
System memory in use before: 254.5 MB.
System memory in use after: 254.7 MB.

Unloading 13 unused Assets to reduce memory usage. Loaded Objects now: 1916.
Total: 1.364083 ms (FindLiveObjects: 0.143208 ms CreateObjectMapping: 0.028541 ms MarkObjects: 1.168542 ms  DeleteObjects: 0.023000 ms)

AssetImportParameters requested are different than current active one (requested -> active):
  custom:video-decoder-ogg-theora: a1e56fd34408186e4bbccfd4996cb3dc -> 
  custom:container-muxer-webm: aa71ff27fc2769a1b78a27578f13a17b -> 
  custom:container-demuxer-webm: 4f35f7cbe854078d1ac9338744f61a02 -> 
  custom:container-demuxer-ogg: 62fdf1f143b41e24485cea50d1cbac27 -> 
  custom:video-encoder-webm-vp8: eb34c28f22e8b96e1ab97ce403110664 -> 
  custom:framework-osx-AVFoundation: e770b220cccbd017edd2c1fefb359320 -> 
  custom:video-decoder-webm-vp8: 9c59270c3fd7afecdb556c50c9e8de78 -> 
  custom:audio-decoder-ogg-vorbis: bf7c407c2cedff20999df2af8eb42d56 -> 
  custom:audio-encoder-webm-vorbis: bf7c407c2cedff20999df2af8eb42d56 -> 
========================================================================
Received Prepare
Registering precompiled user dll's ...
Registered in 0.003428 seconds.
Begin MonoManager ReloadAssembly
Native extension for OSXStandalone target not found
Native extension for WebGL target not found
Refreshing native plugins compatible for Editor in 0.28 ms, found 2 plugins.
Preloading 0 native plugins for Editor in 0.00 ms.
Mono: successfully reloaded assembly
- Completed reload, in  2.400 seconds
Platform modules already initialized, skipping
Refreshing native plugins compatible for Editor in 0.39 ms, found 2 plugins.
Preloading 0 native plugins for Editor in 0.00 ms.
Unloading 1395 Unused Serialized files (Serialized files now loaded: 0)
System memory in use before: 255.0 MB.
System memory in use after: 255.1 MB.

Unloading 13 unused Assets to reduce memory usage. Loaded Objects now: 1919.
Total: 2.762250 ms (FindLiveObjects: 0.150167 ms CreateObjectMapping: 0.028208 ms MarkObjects: 2.565375 ms  DeleteObjects: 0.017708 ms)

AssetImportParameters requested are different than current active one (requested -> active):
  custom:video-decoder-ogg-theora: a1e56fd34408186e4bbccfd4996cb3dc -> 
  custom:container-muxer-webm: aa71ff27fc2769a1b78a27578f13a17b -> 
  custom:container-demuxer-webm: 4f35f7cbe854078d1ac9338744f61a02 -> 
  custom:container-demuxer-ogg: 62fdf1f143b41e24485cea50d1cbac27 -> 
  custom:video-encoder-webm-vp8: eb34c28f22e8b96e1ab97ce403110664 -> 
  custom:framework-osx-AVFoundation: e770b220cccbd017edd2c1fefb359320 -> 
  custom:video-decoder-webm-vp8: 9c59270c3fd7afecdb556c50c9e8de78 -> 
  custom:audio-decoder-ogg-vorbis: bf7c407c2cedff20999df2af8eb42d56 -> 
  custom:audio-encoder-webm-vorbis: bf7c407c2cedff20999df2af8eb42d56 -> 
